<?xml version="1.0" encoding="UTF-8"?>
<!-- Generated by org.testng.reporters.JUnitReportReporter -->
<testsuite hostname="DESKTOP-V52ARRS" failures="0" tests="1" name="Testng.swag_labs" time="4.697" errors="0" timestamp="2024-10-16T09:19:59 IST" skipped="0">
  <testcase classname="Testng.swag_labs" name="test" time="4.697"/>
  <system-out/>
</testsuite> <!-- Testng.swag_labs -->
