<?xml version="1.0" encoding="UTF-8"?>
<!-- Generated by org.testng.reporters.JUnitReportReporter -->
<testsuite hostname="DESKTOP-V52ARRS" failures="0" tests="1" name="Testng.Notification_10_10" time="0.931" errors="0" timestamp="2024-10-17T21:15:34 IST" skipped="0">
  <testcase classname="Testng.Notification_10_10" name="test" time="0.931"/>
  <system-out/>
</testsuite> <!-- Testng.Notification_10_10 -->
