<?xml version="1.0" encoding="UTF-8"?>
<!-- Generated by org.testng.reporters.JUnitReportReporter -->
<testsuite hostname="DESKTOP-V52ARRS" failures="0" tests="1" name="Testng.New_tab_win_14_10" time="4.221" errors="0" timestamp="2024-10-14T10:31:46 IST" skipped="0">
  <testcase classname="Testng.New_tab_win_14_10" name="test" time="4.221"/>
  <system-out/>
</testsuite> <!-- Testng.New_tab_win_14_10 -->
