<?xml version="1.0" encoding="UTF-8"?>
<!-- Generated by org.testng.reporters.JUnitReportReporter -->
<testsuite hostname="DESKTOP-V52ARRS" failures="0" tests="1" name="test.Test_assign" time="7.624" errors="0" timestamp="2024-10-19T10:32:47 IST" skipped="0">
  <testcase classname="test.Test_assign" name="test" time="7.624"/>
  <system-out/>
</testsuite> <!-- test.Test_assign -->
