<?xml version="1.0" encoding="UTF-8"?>
<!-- Generated by org.testng.reporters.JUnitReportReporter -->
<testsuite hostname="DESKTOP-V52ARRS" failures="0" tests="1" name="Testng.Date_picker_09_10" time="3.841" errors="0" timestamp="2024-10-13T15:10:07 IST" skipped="0">
  <testcase classname="Testng.Date_picker_09_10" name="test" time="3.841"/>
  <system-out/>
</testsuite> <!-- Testng.Date_picker_09_10 -->
