<?xml version="1.0" encoding="UTF-8"?>
<!-- Generated by org.testng.reporters.JUnitReportReporter -->
<testsuite hostname="DESKTOP-V52ARRS" failures="0" tests="1" name="test.test_pom_16_10" time="2.665" errors="0" timestamp="2024-10-16T20:27:20 IST" skipped="0">
  <testcase classname="test.test_pom_16_10" name="test" time="2.665"/>
  <system-out/>
</testsuite> <!-- test.test_pom_16_10 -->
