<?xml version="1.0" encoding="UTF-8"?>
<!-- Generated by org.testng.reporters.JUnitReportReporter -->
<testsuite hostname="DESKTOP-V52ARRS" failures="0" tests="2" name="Testng.Rishi_herbals" time="24.768" errors="0" timestamp="2024-10-16T08:59:44 IST" skipped="0">
  <testcase classname="Testng.Rishi_herbals" name="test2" time="21.102"/>
  <system-out/>
  <testcase classname="Testng.Rishi_herbals" name="test" time="3.666"/>
  <system-out/>
</testsuite> <!-- Testng.Rishi_herbals -->
