<?xml version="1.0" encoding="UTF-8"?>
<!-- Generated by org.testng.reporters.JUnitReportReporter -->
<testsuite hostname="DESKTOP-V52ARRS" failures="0" tests="1" name="Testng.Drag_drop_03_10" time="15.314" errors="0" timestamp="2024-10-13T11:41:49 IST" skipped="0">
  <testcase classname="Testng.Drag_drop_03_10" name="test" time="15.314"/>
  <system-out/>
</testsuite> <!-- Testng.Drag_drop_03_10 -->
