<?xml version="1.0" encoding="UTF-8"?>
<!-- Generated by org.testng.reporters.JUnitReportReporter -->
<testsuite hostname="DESKTOP-V52ARRS" failures="0" tests="1" name="Testng.File_upload_07_10" time="7.896" errors="0" timestamp="2024-10-13T14:21:35 IST" skipped="0">
  <testcase classname="Testng.File_upload_07_10" name="test1" time="7.896"/>
  <system-out/>
</testsuite> <!-- Testng.File_upload_07_10 -->
