<?xml version="1.0" encoding="UTF-8"?>
<!-- Generated by org.testng.reporters.JUnitReportReporter -->
<testsuite hostname="DESKTOP-V52ARRS" failures="0" tests="4" name="Testng.Demo" time="0.030" errors="0" timestamp="2024-10-13T11:34:37 IST" skipped="1">
  <testcase classname="Testng.Demo" name="test3" time="0.017"/>
  <system-out/>
  <testcase classname="Testng.Demo" name="test3" time="0.008"/>
  <system-out/>
  <testcase classname="Testng.Demo" name="test1" time="0.005"/>
  <system-out/>
  <testcase classname="Testng.Demo" name="test2">
    <skipped/>
  </testcase> <!-- test2 -->
  <system-out/>
</testsuite> <!-- Testng.Demo -->
