<?xml version="1.0" encoding="UTF-8"?>
<!-- Generated by org.testng.reporters.JUnitReportReporter -->
<testsuite hostname="DESKTOP-V52ARRS" failures="0" tests="1" name="Testng.Window_handle_Assign" time="33.993" errors="0" timestamp="2024-10-20T12:40:26 IST" skipped="0">
  <testcase classname="Testng.Window_handle_Assign" name="test" time="33.993"/>
  <system-out/>
</testsuite> <!-- Testng.Window_handle_Assign -->
