<?xml version="1.0" encoding="UTF-8"?>
<!-- Generated by org.testng.reporters.JUnitReportReporter -->
<testsuite hostname="DESKTOP-V52ARRS" failures="0" tests="1" name="Testng.Data_driven_hw" time="5.966" errors="0" timestamp="2024-10-16T09:09:45 IST" skipped="0">
  <testcase classname="Testng.Data_driven_hw" name="test" time="5.966"/>
  <system-out/>
</testsuite> <!-- Testng.Data_driven_hw -->
