<?xml version="1.0" encoding="UTF-8"?>
<!-- Generated by org.testng.reporters.JUnitReportReporter -->
<testsuite hostname="DESKTOP-V52ARRS" failures="0" tests="1" name="Testng.File_Upload2_07_10" time="3.724" errors="0" timestamp="2024-10-13T14:40:43 IST" skipped="0">
  <testcase classname="Testng.File_Upload2_07_10" name="test" time="3.724"/>
  <system-out/>
</testsuite> <!-- Testng.File_Upload2_07_10 -->
