<?xml version="1.0" encoding="UTF-8"?>
<!-- Generated by org.testng.reporters.JUnitReportReporter -->
<testsuite hostname="DESKTOP-V52ARRS" failures="0" tests="1" name="test.find_test" time="3.301" errors="0" timestamp="2024-10-16T21:21:50 IST" skipped="0">
  <testcase classname="test.find_test" name="test" time="3.301"/>
  <system-out/>
</testsuite> <!-- test.find_test -->
