<?xml version="1.0" encoding="UTF-8"?>
<!-- Generated by org.testng.reporters.JUnitReportReporter -->
<testsuite hostname="DESKTOP-V52ARRS" failures="0" tests="1" name="Testng.Window_handle_14_10" time="5.939" errors="0" timestamp="2024-10-14T10:27:10 IST" skipped="0">
  <testcase classname="Testng.Window_handle_14_10" name="test" time="5.939"/>
  <system-out/>
</testsuite> <!-- Testng.Window_handle_14_10 -->
