<?xml version="1.0" encoding="UTF-8"?>
<!-- Generated by org.testng.reporters.JUnitReportReporter -->
<testsuite hostname="DESKTOP-V52ARRS" failures="0" tests="1" name="Testngpkg.Assignment_window" time="25.814" errors="0" timestamp="2024-10-22T07:00:27 IST" skipped="0">
  <testcase classname="Testngpkg.Assignment_window" name="test" time="25.814"/>
  <system-out/>
</testsuite> <!-- Testngpkg.Assignment_window -->
